#
# There is insufficient memory for the Java Runtime Environment to continue.
# Native memory allocation (mmap) failed to map 134217728 bytes for Failed to commit area from 0x0000000081800000 to 0x0000000089800000 of length 134217728.
# Possible reasons:
#   The system is out of physical RAM or swap space
#   The process is running with CompressedOops enabled, and the Java Heap may be blocking the growth of the native heap
# Possible solutions:
#   Reduce memory load on the system
#   Increase physical memory or swap space
#   Check if swap backing store is full
#   Decrease Java heap size (-Xmx/-Xms)
#   Decrease number of Java threads
#   Decrease Java thread stack sizes (-Xss)
#   Set larger code cache with -XX:ReservedCodeCacheSize=
# This output file may be truncated or incomplete.
#
#  Out of Memory Error (t:/workspace/open/src/hotspot/os/windows/os_windows.cpp:3264), pid=8072, tid=17908
#
# JRE version:  (12.0.2+10) (build )
# Java VM: Java HotSpot(TM) 64-Bit Server VM (12.0.2+10, mixed mode, aot, sharing, tiered, compressed oops, g1 gc, windows-amd64)
# No core dump will be written. Minidumps are not enabled by default on client versions of Windows
#

---------------  S U M M A R Y ------------

Command Line: -Dclassworlds.conf=C:\Program Files\NetBeans-11.1\netbeans\java\maven\bin\m2.conf -Dmaven.home=C:\Program Files\NetBeans-11.1\netbeans\java\maven -Dmaven.multiModuleProjectDirectory=C:\Users\user\Documents\JavaProjects\spring-boot-ecommerce-microservice org.codehaus.plexus.classworlds.launcher.Launcher -Dmaven.ext.class.path=C:\Program Files\NetBeans-11.1\netbeans\java\maven-nblib\netbeans-eventspy.jar -Dfile.encoding=UTF-8 --also-make --projects zip-server install

Host: Intel(R) Core(TM) i5-4300U CPU @ 1.90GHz, 4 cores, 7G,  Windows 10 , 64 bit Build 18362 (10.0.18362.1350)
Time: Tue Jun 29 17:06:38 2021 W. Central Africa Standard Time elapsed time: 0 seconds (0d 0h 0m 0s)

---------------  T H R E A D  ---------------

Current thread (0x000001c6ad517000):  JavaThread "Unknown thread" [_thread_in_vm, id=17908, stack(0x0000000945500000,0x0000000945600000)]

Stack: [0x0000000945500000,0x0000000945600000]
Native frames: (J=compiled Java code, j=interpreted, Vv=VM code, C=native code)
V  [jvm.dll+0x63aa2a]
V  [jvm.dll+0x78ce1e]
V  [jvm.dll+0x78e4c1]
V  [jvm.dll+0x78eb13]
V  [jvm.dll+0x2627e8]
V  [jvm.dll+0x637f5a]
V  [jvm.dll+0x62c845]
V  [jvm.dll+0x31e49c]
V  [jvm.dll+0x31e2cf]
V  [jvm.dll+0x324006]
V  [jvm.dll+0x371f56]
V  [jvm.dll+0x371720]
V  [jvm.dll+0x2f845a]
V  [jvm.dll+0x2f96d2]
V  [jvm.dll+0x767267]
V  [jvm.dll+0x7689f5]
V  [jvm.dll+0x380059]
V  [jvm.dll+0x74b794]
V  [jvm.dll+0x3ef5cd]
V  [jvm.dll+0x3f1471]
C  [jli.dll+0x51cf]
C  [ucrtbase.dll+0x210b2]
C  [KERNEL32.DLL+0x17c24]
C  [ntdll.dll+0x6d721]


---------------  P R O C E S S  ---------------

Threads class SMR info:
_java_thread_list=0x00007fffb59d7928, length=0, elements={
}

Java Threads: ( => current thread )

Other Threads:
  0x000001c6ad557000 GCTaskThread "GC Thread#0" [stack: 0x0000000945600000,0x0000000945700000] [id=7928]
  0x000001c6ad566800 ConcurrentGCThread "G1 Main Marker" [stack: 0x0000000945700000,0x0000000945800000] [id=15580]
  0x000001c6ad569800 ConcurrentGCThread "G1 Conc#0" [stack: 0x0000000945800000,0x0000000945900000] [id=15472]

[error occurred during error reporting (printing all threads), id 0xc0000005, EXCEPTION_ACCESS_VIOLATION (0xc0000005) at pc=0x00007fffb52085e7]

VM state:not at safepoint (not fully initialized)

VM Mutex/Monitor currently owned by a thread:  ([mutex/lock_event])
[0x000001c6ad5165a0] Heap_lock - owner thread: 0x000001c6ad517000

Heap address: 0x0000000081800000, size: 2024 MB, Compressed Oops mode: Non-zero based: 0x0000000081800000
Narrow klass base: 0x0000000000000000, Narrow klass shift: 0

GC Heap History (0 events):
No events

Deoptimization events (0 events):
No events

Classes redefined (0 events):
No events

Internal exceptions (0 events):
No events

Events (0 events):
No events


Dynamic libraries:
0x00007ff793280000 - 0x00007ff79328f000 	C:\Program Files\Java\jdk-12.0.2\bin\java.exe
0x00007ff821860000 - 0x00007ff821a50000 	C:\WINDOWS\SYSTEM32\ntdll.dll
0x00007ff821760000 - 0x00007ff821812000 	C:\WINDOWS\System32\KERNEL32.DLL
0x00007ff81f740000 - 0x00007ff81f9e5000 	C:\WINDOWS\System32\KERNELBASE.dll
0x00007ff81ec90000 - 0x00007ff81ed8a000 	C:\WINDOWS\System32\ucrtbase.dll
0x00007ffffdbf0000 - 0x00007ffffdc08000 	C:\Program Files\Java\jdk-12.0.2\bin\jli.dll
0x00007ff8047a0000 - 0x00007ff8047b6000 	C:\Program Files\Java\jdk-12.0.2\bin\VCRUNTIME140.dll
0x00007ff820740000 - 0x00007ff8207e3000 	C:\WINDOWS\System32\ADVAPI32.dll
0x00007ff81fa70000 - 0x00007ff81fb0e000 	C:\WINDOWS\System32\msvcrt.dll
0x00007ff820280000 - 0x00007ff820317000 	C:\WINDOWS\System32\sechost.dll
0x00007ff81fbc0000 - 0x00007ff81fcdf000 	C:\WINDOWS\System32\RPCRT4.dll
0x00007ff820820000 - 0x00007ff8209b4000 	C:\WINDOWS\System32\USER32.dll
0x00007ff81e8b0000 - 0x00007ff81e8d1000 	C:\WINDOWS\System32\win32u.dll
0x00007ff820250000 - 0x00007ff820276000 	C:\WINDOWS\System32\GDI32.dll
0x00007ff81e940000 - 0x00007ff81ead8000 	C:\WINDOWS\System32\gdi32full.dll
0x00007ff81f6a0000 - 0x00007ff81f73e000 	C:\WINDOWS\System32\msvcp_win.dll
0x00007ff805fb0000 - 0x00007ff806234000 	C:\WINDOWS\WinSxS\amd64_microsoft.windows.common-controls_6595b64144ccf1df_6.0.18362.1440_none_9e7dbfb9e45e8e67\COMCTL32.dll
0x00007ff820400000 - 0x00007ff820736000 	C:\WINDOWS\System32\combase.dll
0x00007ff81ede0000 - 0x00007ff81ee61000 	C:\WINDOWS\System32\bcryptPrimitives.dll
0x00007ff814ad0000 - 0x00007ff814ada000 	C:\WINDOWS\SYSTEM32\VERSION.dll
0x00007ff8207f0000 - 0x00007ff82081e000 	C:\WINDOWS\System32\IMM32.DLL
0x00007fffc95c0000 - 0x00007fffc966a000 	C:\Program Files\Java\jdk-12.0.2\bin\msvcp140.dll
0x00007fffb4f00000 - 0x00007fffb5a77000 	C:\Program Files\Java\jdk-12.0.2\bin\server\jvm.dll
0x00007ff8209c0000 - 0x00007ff8209c8000 	C:\WINDOWS\System32\PSAPI.DLL
0x00007ff812d70000 - 0x00007ff812d79000 	C:\WINDOWS\SYSTEM32\WSOCK32.dll
0x00007ff81ae10000 - 0x00007ff81ae34000 	C:\WINDOWS\SYSTEM32\WINMM.dll
0x00007ff8209d0000 - 0x00007ff820a3f000 	C:\WINDOWS\System32\WS2_32.dll
0x00007ff81ade0000 - 0x00007ff81ae0d000 	C:\WINDOWS\SYSTEM32\winmmbase.dll
0x00007ff81ed90000 - 0x00007ff81edda000 	C:\WINDOWS\System32\cfgmgr32.dll
0x00007ff81e800000 - 0x00007ff81e811000 	C:\WINDOWS\System32\kernel.appcore.dll
0x00007ff804710000 - 0x00007ff804721000 	C:\Program Files\Java\jdk-12.0.2\bin\verify.dll
0x00007ff80ed60000 - 0x00007ff80ef54000 	C:\WINDOWS\SYSTEM32\DBGHELP.DLL
0x00007ff80ec20000 - 0x00007ff80ec4a000 	C:\WINDOWS\SYSTEM32\dbgcore.DLL
0x00007ff804730000 - 0x00007ff804756000 	C:\Program Files\Java\jdk-12.0.2\bin\java.dll
0x00007fffc9a00000 - 0x00007fffc9a17000 	C:\Program Files\Java\jdk-12.0.2\bin\zip.dll
0x00007ff812d60000 - 0x00007ff812d6a000 	C:\Program Files\Java\jdk-12.0.2\bin\jimage.dll

dbghelp: loaded successfully - version: 4.0.5 - missing functions: none
symbol engine: initialized successfully - sym options: 0x614 - pdb path: .;C:\Program Files\Java\jdk-12.0.2\bin;C:\WINDOWS\SYSTEM32;C:\WINDOWS\WinSxS\amd64_microsoft.windows.common-controls_6595b64144ccf1df_6.0.18362.1440_none_9e7dbfb9e45e8e67;C:\Program Files\Java\jdk-12.0.2\bin\server

VM Arguments:
jvm_args: -Dclassworlds.conf=C:\Program Files\NetBeans-11.1\netbeans\java\maven\bin\m2.conf -Dmaven.home=C:\Program Files\NetBeans-11.1\netbeans\java\maven -Dmaven.multiModuleProjectDirectory=C:\Users\user\Documents\JavaProjects\spring-boot-ecommerce-microservice 
java_command: org.codehaus.plexus.classworlds.launcher.Launcher -Dmaven.ext.class.path=C:\Program Files\NetBeans-11.1\netbeans\java\maven-nblib\netbeans-eventspy.jar -Dfile.encoding=UTF-8 --also-make --projects zip-server install
java_class_path (initial): C:\Program Files\NetBeans-11.1\netbeans\java\maven\boot\plexus-classworlds-2.5.2.jar
Launcher Type: SUN_STANDARD

[Global flags]
     intx CICompilerCount                          = 3                                         {product} {ergonomic}
     uint ConcGCThreads                            = 1                                         {product} {ergonomic}
     uint G1ConcRefinementThreads                  = 4                                         {product} {ergonomic}
   size_t G1HeapRegionSize                         = 1048576                                   {product} {ergonomic}
    uintx GCDrainStackTargetSize                   = 64                                        {product} {ergonomic}
   size_t InitialHeapSize                          = 134217728                                 {product} {ergonomic}
   size_t MarkStackSize                            = 4194304                                   {product} {ergonomic}
   size_t MaxHeapSize                              = 2122317824                                {product} {ergonomic}
   size_t MinHeapDeltaBytes                        = 1048576                                   {product} {ergonomic}
    uintx NonNMethodCodeHeapSize                   = 5830732                                {pd product} {ergonomic}
    uintx NonProfiledCodeHeapSize                  = 122913754                              {pd product} {ergonomic}
    uintx ProfiledCodeHeapSize                     = 122913754                              {pd product} {ergonomic}
    uintx ReservedCodeCacheSize                    = 251658240                              {pd product} {ergonomic}
     bool SegmentedCodeCache                       = true                                      {product} {ergonomic}
     bool UseCompressedClassPointers               = true                                 {lp64_product} {ergonomic}
     bool UseCompressedOops                        = true                                 {lp64_product} {ergonomic}
     bool UseG1GC                                  = true                                      {product} {ergonomic}
     bool UseLargePagesIndividualAllocation        = false                                  {pd product} {ergonomic}

Logging:
Log output configuration:
 #0: stdout all=warning uptime,level,tags
 #1: stderr all=off uptime,level,tags

Environment Variables:
JAVA_HOME=C:\Program Files\Java\jdk-12.0.2
PATH=C:\Program Files (x86)\Common Files\Oracle\Java\javapath;C:\ProgramData\Oracle\Java\javapath;C:\WINDOWS\system32;C:\WINDOWS;C:\WINDOWS\System32\Wbem;C:\WINDOWS\System32\WindowsPowerShell\v1.0\;C:\xampp\php;C:\ProgramData\ComposerSetup\bin;C:\Program Files\Git\cmd;C:\Gradle\bin;C:\FPC\3.0.4\bin\i386-Win32;C:\flutter\flutter\bin;C:\Users\user\AppData\Local\Android\Sdk\platform-tools;C:\Users\user\AppData\Local\Android\Sdk\emulator;C:\Users\user\AppData\Local\Android\Sdk\tools\bin;C:\WINDOWS\System32\OpenSSH\;C:\Program Files\CMake\bin;C:\Program Files\Java\jdk1.8.0_231\bin;C:\Program Files\nodejs\;C:\Program Files\PuTTY\;;C:\Program Files\Docker\Docker\resources\bin;C:\ProgramData\DockerDesktop\version-bin;C:\Users\user\AppData\Local\Programs\Python\Python38\Scripts\;C:\Users\user\AppData\Local\Programs\Python\Python38\;C:\Users\user\AppData\Roaming\Composer\vendor\bin;C:\FPC\3.0.4\bin;C:\Program Files\Geth;C:\flutter\flutter\bin;C:\flutter\flutter\bin\cache\dart-sdk\bin;C:\Users\user\AppData\Local\Microsoft\WindowsApps;C:\Program Files\Java\jre1.8.0_241\bin;C:\Program Files\heroku\bin;C:\Program Files\JetBrains\PyCharm Community Edition 2019.3.2\bin;;C:\Users\user\AppData\Roaming\npm
USERNAME=user
OS=Windows_NT
PROCESSOR_IDENTIFIER=Intel64 Family 6 Model 69 Stepping 1, GenuineIntel



---------------  S Y S T E M  ---------------

OS: Windows 10 , 64 bit Build 18362 (10.0.18362.1350)

CPU:total 4 (initial active 4) (2 cores per cpu, 2 threads per core) family 6 model 69 stepping 1, cmov, cx8, fxsr, mmx, sse, sse2, sse3, ssse3, sse4.1, sse4.2, popcnt, avx, avx2, aes, clmul, erms, lzcnt, ht, tsc, tscinvbit, bmi1, bmi2, fma

Memory: 4k page, system-wide physical 8089M (688M free)
TotalPageFile size 12550M (AvailPageFile size 53M)
current process WorkingSet (physical memory assigned to process): 9M, peak: 9M
current process commit charge ("private bytes"): 51M, peak: 179M

vm_info: Java HotSpot(TM) 64-Bit Server VM (12.0.2+10) for windows-amd64 JRE (12.0.2+10), built on Jul 16 2019 01:56:17 by "mach5one" with MS VC++ 15.5 (VS2017)

END.
