#
# There is insufficient memory for the Java Runtime Environment to continue.
# Native memory allocation (malloc) failed to allocate 1117296 bytes for Chunk::new
# Possible reasons:
#   The system is out of physical RAM or swap space
#   The process is running with CompressedOops enabled, and the Java Heap may be blocking the growth of the native heap
# Possible solutions:
#   Reduce memory load on the system
#   Increase physical memory or swap space
#   Check if swap backing store is full
#   Decrease Java heap size (-Xmx/-Xms)
#   Decrease number of Java threads
#   Decrease Java thread stack sizes (-Xss)
#   Set larger code cache with -XX:ReservedCodeCacheSize=
#   JVM is running with Unscaled Compressed Oops mode in which the Java heap is
#     placed in the first 4GB address space. The Java Heap base address is the
#     maximum limit for the native heap growth. Please use -XX:HeapBaseMinAddress
#     to set the Java Heap base and to place the Java Heap above 4GB virtual address.
# This output file may be truncated or incomplete.
#
#  Out of Memory Error (t:/workspace/open/src/hotspot/share/memory/arena.cpp:197), pid=5360, tid=16308
#
# JRE version: Java(TM) SE Runtime Environment (12.0.2+10) (build 12.0.2+10)
# Java VM: Java HotSpot(TM) 64-Bit Server VM (12.0.2+10, mixed mode, sharing, tiered, compressed oops, g1 gc, windows-amd64)
# No core dump will be written. Minidumps are not enabled by default on client versions of Windows
#

---------------  S U M M A R Y ------------

Command Line: com.example.servicesconfig.ServicesConfigApplication

Host: Intel(R) Core(TM) i5-4300U CPU @ 1.90GHz, 4 cores, 7G,  Windows 10 , 64 bit Build 18362 (10.0.18362.1350)
Time: Tue Jun 29 17:06:48 2021 W. Central Africa Standard Time elapsed time: 135 seconds (0d 0h 2m 15s)

---------------  T H R E A D  ---------------

Current thread (0x000002ba381f8000):  JavaThread "C2 CompilerThread1" daemon [_thread_in_native, id=16308, stack(0x000000c3e0a00000,0x000000c3e0b00000)]


Current CompileTask:
C2: 135324 5880       4       java.util.HashMap::computeIfAbsent (330 bytes)

Stack: [0x000000c3e0a00000,0x000000c3e0b00000]
Native frames: (J=compiled Java code, j=interpreted, Vv=VM code, C=native code)
V  [jvm.dll+0x63aa2a]
V  [jvm.dll+0x78ce1e]
V  [jvm.dll+0x78e4c1]
V  [jvm.dll+0x78eb13]
V  [jvm.dll+0x2627e8]
V  [jvm.dll+0xc55cc]
V  [jvm.dll+0xc5b4c]
V  [jvm.dll+0x37a677]
V  [jvm.dll+0x1af2d0]
V  [jvm.dll+0x21c312]
V  [jvm.dll+0x21b3da]
V  [jvm.dll+0x199a20]
V  [jvm.dll+0x22a744]
V  [jvm.dll+0x228d98]
V  [jvm.dll+0x7512a0]
V  [jvm.dll+0x74a2c8]
V  [jvm.dll+0x639b16]
C  [ucrtbase.dll+0x210b2]
C  [KERNEL32.DLL+0x17c24]
C  [ntdll.dll+0x6d721]


---------------  P R O C E S S  ---------------

Threads class SMR info:
_java_thread_list=0x000002ba3a507280, length=13, elements={
0x000002ba351fb800, 0x000002ba351ff000, 0x000002ba3521d800, 0x000002ba3521f800,
0x000002ba35221800, 0x000002ba35225000, 0x000002ba3525d000, 0x000002ba35c6f000,
0x000002ba35c71000, 0x000002ba38a5b800, 0x000002ba38a62000, 0x000002ba38a5d800,
0x000002ba381f8000
}

Java Threads: ( => current thread )
  0x000002ba351fb800 JavaThread "Reference Handler" daemon [_thread_blocked, id=5928, stack(0x000000c3dfc00000,0x000000c3dfd00000)]
  0x000002ba351ff000 JavaThread "Finalizer" daemon [_thread_blocked, id=15988, stack(0x000000c3dfd00000,0x000000c3dfe00000)]
  0x000002ba3521d800 JavaThread "Signal Dispatcher" daemon [_thread_blocked, id=7868, stack(0x000000c3dfe00000,0x000000c3dff00000)]
  0x000002ba3521f800 JavaThread "Attach Listener" daemon [_thread_blocked, id=18784, stack(0x000000c3dff00000,0x000000c3e0000000)]
  0x000002ba35221800 JavaThread "C2 CompilerThread0" daemon [_thread_in_native, id=13440, stack(0x000000c3e0000000,0x000000c3e0100000)]
  0x000002ba35225000 JavaThread "C1 CompilerThread0" daemon [_thread_blocked, id=19100, stack(0x000000c3e0100000,0x000000c3e0200000)]
  0x000002ba3525d000 JavaThread "Sweeper thread" daemon [_thread_blocked, id=12452, stack(0x000000c3e0200000,0x000000c3e0300000)]
  0x000002ba35c6f000 JavaThread "Service Thread" daemon [_thread_blocked, id=10492, stack(0x000000c3e0300000,0x000000c3e0400000)]
  0x000002ba35c71000 JavaThread "Common-Cleaner" daemon [_thread_blocked, id=14688, stack(0x000000c3e0500000,0x000000c3e0600000)]
  0x000002ba38a5b800 JavaThread "DestroyJavaVM" [_thread_blocked, id=6620, stack(0x000000c3df500000,0x000000c3df600000)]
  0x000002ba38a62000 JavaThread "Thread-1" [_thread_blocked, id=8384, stack(0x000000c3df300000,0x000000c3df400000)]
  0x000002ba38a5d800 JavaThread "restartedMain" [_thread_in_vm, id=18136, stack(0x000000c3e0d00000,0x000000c3e0e00000)]
=>0x000002ba381f8000 JavaThread "C2 CompilerThread1" daemon [_thread_in_native, id=16308, stack(0x000000c3e0a00000,0x000000c3e0b00000)]

Other Threads:
  0x000002ba351f7800 VMThread "VM Thread" [stack: 0x000000c3dfb00000,0x000000c3dfc00000] [id=15528]
  0x000002ba35c71800 WatcherThread [stack: 0x000000c3e0400000,0x000000c3e0500000] [id=18360]
  0x000002ba16e34800 GCTaskThread "GC Thread#0" [stack: 0x000000c3df600000,0x000000c3df700000] [id=3412]
  0x000002ba36104000 GCTaskThread "GC Thread#1" [stack: 0x000000c3e0600000,0x000000c3e0700000] [id=19008]
  0x000002ba361da000 GCTaskThread "GC Thread#2" [stack: 0x000000c3e0700000,0x000000c3e0800000] [id=15416]
  0x000002ba36b2f000 GCTaskThread "GC Thread#3" [stack: 0x000000c3e0c00000,0x000000c3e0d00000] [id=11012]
  0x000002ba16e42000 ConcurrentGCThread "G1 Main Marker" [stack: 0x000000c3df700000,0x000000c3df800000] [id=3088]
  0x000002ba16e44800 ConcurrentGCThread "G1 Conc#0" [stack: 0x000000c3df800000,0x000000c3df900000] [id=8816]
  0x000002ba16ebd800 ConcurrentGCThread "G1 Refine#0" [stack: 0x000000c3df900000,0x000000c3dfa00000] [id=12916]
  0x000002ba35077800 ConcurrentGCThread "G1 Young RemSet Sampling" [stack: 0x000000c3dfa00000,0x000000c3dfb00000] [id=16556]

Threads with active compile tasks:
C2 CompilerThread0  5835       4       org.springframework.boot.context.properties.source.SpringIterableConfigurationPropertySource::getConfigurationProperty (93 bytes)
C2 CompilerThread1  5880       4       java.util.HashMap::computeIfAbsent (330 bytes)

VM state:not at safepoint (normal execution)

VM Mutex/Monitor currently owned by a thread: None

Heap address: 0x0000000081800000, size: 2024 MB, Compressed Oops mode: 32-bit
Narrow klass base: 0x0000000800000000, Narrow klass shift: 3
Compressed class space size: 1073741824 Address: 0x0000000801190000

Heap:
 garbage-first heap   total 58368K, used 29168K [0x0000000081800000, 0x0000000100000000)
  region size 1024K, 5 young (5120K), 2 survivors (2048K)
 Metaspace       used 46079K, capacity 47564K, committed 47664K, reserved 1091584K
  class space    used 5929K, capacity 6500K, committed 6528K, reserved 1048576K
Heap Regions: E=young(eden), S=young(survivor), O=old, HS=humongous(starts), HC=humongous(continues), CS=collection set, F=free, A=archive, TAMS=top-at-mark-start (previous, next)
|   0|0x0000000081800000, 0x00000000818fffe8, 0x0000000081900000| 99%| O|  |TAMS 0x0000000081800000, 0x0000000081800000| Untracked 
|   1|0x0000000081900000, 0x00000000819ffff0, 0x0000000081a00000| 99%| O|  |TAMS 0x0000000081900000, 0x0000000081900000| Untracked 
|   2|0x0000000081a00000, 0x0000000081ae49f8, 0x0000000081b00000| 89%| O|  |TAMS 0x0000000081a00000, 0x0000000081a00000| Untracked 
|   3|0x0000000081b00000, 0x0000000081bfffd8, 0x0000000081c00000| 99%| O|  |TAMS 0x0000000081b00000, 0x0000000081b00000| Untracked 
|   4|0x0000000081c00000, 0x0000000081cfe430, 0x0000000081d00000| 99%| O|  |TAMS 0x0000000081c00000, 0x0000000081c00000| Untracked 
|   5|0x0000000081d00000, 0x0000000081e00000, 0x0000000081e00000|100%| O|  |TAMS 0x0000000081d00000, 0x0000000081d00000| Untracked 
|   6|0x0000000081e00000, 0x0000000081efdc08, 0x0000000081f00000| 99%| O|  |TAMS 0x0000000081e00000, 0x0000000081e00000| Untracked 
|   7|0x0000000081f00000, 0x0000000081ffffb8, 0x0000000082000000| 99%| O|  |TAMS 0x0000000081f00000, 0x0000000081f00000| Untracked 
|   8|0x0000000082000000, 0x0000000082100000, 0x0000000082100000|100%| O|  |TAMS 0x0000000082000000, 0x0000000082000000| Untracked 
|   9|0x0000000082100000, 0x00000000821fffe8, 0x0000000082200000| 99%| O|  |TAMS 0x0000000082100000, 0x0000000082100000| Untracked 
|  10|0x0000000082200000, 0x00000000822fffe8, 0x0000000082300000| 99%| O|  |TAMS 0x0000000082200000, 0x0000000082200000| Untracked 
|  11|0x0000000082300000, 0x00000000823ffff0, 0x0000000082400000| 99%| O|  |TAMS 0x0000000082300000, 0x0000000082300000| Untracked 
|  12|0x0000000082400000, 0x0000000082500000, 0x0000000082500000|100%| O|  |TAMS 0x0000000082400000, 0x0000000082400000| Untracked 
|  13|0x0000000082500000, 0x00000000825fffe8, 0x0000000082600000| 99%| O|  |TAMS 0x0000000082500000, 0x0000000082500000| Untracked 
|  14|0x0000000082600000, 0x00000000826ffff8, 0x0000000082700000| 99%| O|  |TAMS 0x0000000082600000, 0x0000000082600000| Untracked 
|  15|0x0000000082700000, 0x00000000827ffff8, 0x0000000082800000| 99%| O|  |TAMS 0x0000000082700000, 0x0000000082700000| Untracked 
|  16|0x0000000082800000, 0x00000000828fffe8, 0x0000000082900000| 99%| O|  |TAMS 0x0000000082800000, 0x0000000082800000| Untracked 
|  17|0x0000000082900000, 0x00000000829ffff8, 0x0000000082a00000| 99%| O|  |TAMS 0x0000000082900000, 0x0000000082900000| Untracked 
|  18|0x0000000082a00000, 0x0000000082affff8, 0x0000000082b00000| 99%| O|  |TAMS 0x0000000082a00000, 0x0000000082a00000| Untracked 
|  19|0x0000000082b00000, 0x0000000082bfff70, 0x0000000082c00000| 99%| O|  |TAMS 0x0000000082b00000, 0x0000000082b00000| Untracked 
|  20|0x0000000082c00000, 0x0000000082cffac8, 0x0000000082d00000| 99%| O|  |TAMS 0x0000000082c00000, 0x0000000082c00000| Untracked 
|  21|0x0000000082d00000, 0x0000000082dfffd8, 0x0000000082e00000| 99%| O|  |TAMS 0x0000000082d00000, 0x0000000082d00000| Untracked 
|  22|0x0000000082e00000, 0x0000000082eef668, 0x0000000082f00000| 93%| O|  |TAMS 0x0000000082e00000, 0x0000000082e00000| Untracked 
|  23|0x0000000082f00000, 0x0000000082fa1910, 0x0000000083000000| 63%| O|  |TAMS 0x0000000082f00000, 0x0000000082f00000| Untracked 
|  24|0x0000000083000000, 0x0000000083046630, 0x0000000083100000| 27%| O|  |TAMS 0x0000000083000000, 0x0000000083000000| Untracked 
|  25|0x0000000083100000, 0x00000000831f4000, 0x0000000083200000| 95%| O|  |TAMS 0x0000000083100000, 0x0000000083100000| Untracked 
|  26|0x0000000083200000, 0x0000000083200000, 0x0000000083300000|  0%| F|  |TAMS 0x0000000083200000, 0x0000000083200000| Untracked 
|  27|0x0000000083300000, 0x0000000083300000, 0x0000000083400000|  0%| F|  |TAMS 0x0000000083300000, 0x0000000083300000| Untracked 
|  28|0x0000000083400000, 0x0000000083400000, 0x0000000083500000|  0%| F|  |TAMS 0x0000000083400000, 0x0000000083400000| Untracked 
|  29|0x0000000083500000, 0x0000000083500000, 0x0000000083600000|  0%| F|  |TAMS 0x0000000083500000, 0x0000000083500000| Untracked 
|  30|0x0000000083600000, 0x0000000083600000, 0x0000000083700000|  0%| F|  |TAMS 0x0000000083600000, 0x0000000083600000| Untracked 
|  31|0x0000000083700000, 0x0000000083700000, 0x0000000083800000|  0%| F|  |TAMS 0x0000000083700000, 0x0000000083700000| Untracked 
|  32|0x0000000083800000, 0x0000000083800000, 0x0000000083900000|  0%| F|  |TAMS 0x0000000083800000, 0x0000000083800000| Untracked 
|  33|0x0000000083900000, 0x0000000083900000, 0x0000000083a00000|  0%| F|  |TAMS 0x0000000083900000, 0x0000000083900000| Untracked 
|  34|0x0000000083a00000, 0x0000000083a00000, 0x0000000083b00000|  0%| F|  |TAMS 0x0000000083a00000, 0x0000000083a00000| Untracked 
|  35|0x0000000083b00000, 0x0000000083b00000, 0x0000000083c00000|  0%| F|  |TAMS 0x0000000083b00000, 0x0000000083b00000| Untracked 
|  36|0x0000000083c00000, 0x0000000083c00000, 0x0000000083d00000|  0%| F|  |TAMS 0x0000000083c00000, 0x0000000083c00000| Untracked 
|  37|0x0000000083d00000, 0x0000000083dd0ab8, 0x0000000083e00000| 81%| S|CS|TAMS 0x0000000083d00000, 0x0000000083d00000| Complete 
|  38|0x0000000083e00000, 0x0000000083f00000, 0x0000000083f00000|100%| S|CS|TAMS 0x0000000083e00000, 0x0000000083e00000| Complete 
|  39|0x0000000083f00000, 0x0000000083f00000, 0x0000000084000000|  0%| F|  |TAMS 0x0000000083f00000, 0x0000000083f00000| Untracked 
|  40|0x0000000084000000, 0x0000000084000000, 0x0000000084100000|  0%| F|  |TAMS 0x0000000084000000, 0x0000000084000000| Untracked 
|  41|0x0000000084100000, 0x0000000084100000, 0x0000000084200000|  0%| F|  |TAMS 0x0000000084100000, 0x0000000084100000| Untracked 
|  42|0x0000000084200000, 0x0000000084200000, 0x0000000084300000|  0%| F|  |TAMS 0x0000000084200000, 0x0000000084200000| Untracked 
|  43|0x0000000084300000, 0x0000000084300000, 0x0000000084400000|  0%| F|  |TAMS 0x0000000084300000, 0x0000000084300000| Untracked 
|  44|0x0000000084400000, 0x0000000084400000, 0x0000000084500000|  0%| F|  |TAMS 0x0000000084400000, 0x0000000084400000| Untracked 
|  45|0x0000000084500000, 0x0000000084500000, 0x0000000084600000|  0%| F|  |TAMS 0x0000000084500000, 0x0000000084500000| Untracked 
|  46|0x0000000084600000, 0x0000000084600000, 0x0000000084700000|  0%| F|  |TAMS 0x0000000084600000, 0x0000000084600000| Untracked 
|  47|0x0000000084700000, 0x0000000084700000, 0x0000000084800000|  0%| F|  |TAMS 0x0000000084700000, 0x0000000084700000| Untracked 
|  60|0x0000000085400000, 0x0000000085400000, 0x0000000085500000|  0%| F|  |TAMS 0x0000000085400000, 0x0000000085400000| Untracked 
|  61|0x0000000085500000, 0x0000000085500000, 0x0000000085600000|  0%| F|  |TAMS 0x0000000085500000, 0x0000000085500000| Untracked 
|  62|0x0000000085600000, 0x0000000085600000, 0x0000000085700000|  0%| F|  |TAMS 0x0000000085600000, 0x0000000085600000| Untracked 
|  63|0x0000000085700000, 0x0000000085700000, 0x0000000085800000|  0%| F|  |TAMS 0x0000000085700000, 0x0000000085700000| Untracked 
|  64|0x0000000085800000, 0x0000000085800000, 0x0000000085900000|  0%| F|  |TAMS 0x0000000085800000, 0x0000000085800000| Untracked 
|  65|0x0000000085900000, 0x0000000085900000, 0x0000000085a00000|  0%| F|  |TAMS 0x0000000085900000, 0x0000000085900000| Untracked 
|  66|0x0000000085a00000, 0x0000000085a8b980, 0x0000000085b00000| 54%| E|  |TAMS 0x0000000085a00000, 0x0000000085a00000| Complete 
|  67|0x0000000085b00000, 0x0000000085c00000, 0x0000000085c00000|100%| E|CS|TAMS 0x0000000085b00000, 0x0000000085b00000| Complete 
| 127|0x0000000089700000, 0x0000000089800000, 0x0000000089800000|100%| E|CS|TAMS 0x0000000089700000, 0x0000000089700000| Complete 

Card table byte_map: [0x000002ba2e5f0000,0x000002ba2e9f0000] _byte_map_base: 0x000002ba2e1e4000

Marking Bits (Prev, Next): (CMBitMap*) 0x000002ba16e35368, (CMBitMap*) 0x000002ba16e353a8
 Prev Bits: [0x000002ba2edf0000, 0x000002ba30d90000)
 Next Bits: [0x000002ba30d90000, 0x000002ba32d30000)

Polling page: 0x000002ba14c60000

Metaspace:

Usage:
  Non-class:     40.10 MB capacity,    39.21 MB ( 98%) used,   743.39 KB (  2%) free+waste,   166.69 KB ( <1%) overhead. 
      Class:      6.35 MB capacity,     5.79 MB ( 91%) used,   491.36 KB (  8%) free+waste,    78.94 KB (  1%) overhead. 
       Both:     46.45 MB capacity,    45.00 MB ( 97%) used,     1.21 MB (  3%) free+waste,   245.63 KB ( <1%) overhead. 

Virtual space:
  Non-class space:       42.00 MB reserved,      40.17 MB ( 96%) committed 
      Class space:        1.00 GB reserved,       6.38 MB ( <1%) committed 
             Both:        1.04 GB reserved,      46.55 MB (  4%) committed 

Chunk freelists:
   Non-Class:  1.00 KB
       Class:  0 bytes
        Both:  1.00 KB

CodeHeap 'non-profiled nmethods': size=120064Kb used=3241Kb max_used=3506Kb free=116822Kb
 bounds [0x000002ba26cb0000, 0x000002ba27020000, 0x000002ba2e1f0000]
CodeHeap 'profiled nmethods': size=120000Kb used=11865Kb max_used=12613Kb free=108134Kb
 bounds [0x000002ba1f780000, 0x000002ba203f0000, 0x000002ba26cb0000]
CodeHeap 'non-nmethods': size=5696Kb used=1212Kb max_used=1266Kb free=4483Kb
 bounds [0x000002ba1f1f0000, 0x000002ba1f460000, 0x000002ba1f780000]
 total_blobs=7984 nmethods=5025 adapters=469
 compilation: enabled
              stopped_count=0, restarted_count=0
 full_count=0

Compilation events (10 events):
Event: 135.303 Thread 0x000002ba35225000 5965       3       ch.qos.logback.core.pattern.CompositeConverter::convert (43 bytes)
Event: 135.304 Thread 0x000002ba35225000 nmethod 5965 0x000002ba1fcc0510 code [0x000002ba1fcc0760, 0x000002ba1fcc1090]
Event: 135.304 Thread 0x000002ba35225000 5969       3       org.springframework.boot.ansi.AnsiOutput::buildDisabled (47 bytes)
Event: 135.305 Thread 0x000002ba35225000 nmethod 5969 0x000002ba1fca3910 code [0x000002ba1fca3b20, 0x000002ba1fca4180]
Event: 135.305 Thread 0x000002ba35225000 5966       3       org.springframework.boot.logging.logback.ColorConverter::transform (10 bytes)
Event: 135.305 Thread 0x000002ba35225000 nmethod 5966 0x000002ba1fb55e10 code [0x000002ba1fb55fe0, 0x000002ba1fb562d0]
Event: 135.305 Thread 0x000002ba35225000 5967       3       org.springframework.boot.logging.logback.ColorConverter::transform (60 bytes)
Event: 135.306 Thread 0x000002ba35225000 nmethod 5967 0x000002ba1fcbeb90 code [0x000002ba1fcbee40, 0x000002ba1fcbffa0]
Event: 135.306 Thread 0x000002ba35225000 5968       3       org.springframework.boot.logging.logback.ColorConverter::toAnsiString (16 bytes)
Event: 135.307 Thread 0x000002ba35225000 nmethod 5968 0x000002ba1fcdc310 code [0x000002ba1fcdc540, 0x000002ba1fcdcd30]

GC Heap History (10 events):
Event: 48.154 GC heap before
{Heap before GC invocations=22 (full 0):
 garbage-first heap   total 58368K, used 45098K [0x0000000081800000, 0x0000000100000000)
  region size 1024K, 20 young (20480K), 3 survivors (3072K)
 Metaspace       used 45491K, capacity 46920K, committed 47152K, reserved 1089536K
  class space    used 5893K, capacity 6443K, committed 6528K, reserved 1048576K
}
Event: 48.162 GC heap after
{Heap after GC invocations=23 (full 0):
 garbage-first heap   total 58368K, used 29318K [0x0000000081800000, 0x0000000100000000)
  region size 1024K, 2 young (2048K), 2 survivors (2048K)
 Metaspace       used 45491K, capacity 46920K, committed 47152K, reserved 1089536K
  class space    used 5893K, capacity 6443K, committed 6528K, reserved 1048576K
}
Event: 131.563 GC heap before
{Heap before GC invocations=23 (full 0):
 garbage-first heap   total 58368K, used 33414K [0x0000000081800000, 0x0000000100000000)
  region size 1024K, 7 young (7168K), 2 survivors (2048K)
 Metaspace       used 45832K, capacity 47230K, committed 47408K, reserved 1089536K
  class space    used 5923K, capacity 6461K, committed 6528K, reserved 1048576K
}
Event: 131.632 GC heap after
{Heap after GC invocations=24 (full 1):
 garbage-first heap   total 58368K, used 24286K [0x0000000081800000, 0x0000000100000000)
  region size 1024K, 0 young (0K), 0 survivors (0K)
 Metaspace       used 45832K, capacity 47230K, committed 47408K, reserved 1089536K
  class space    used 5923K, capacity 6461K, committed 6528K, reserved 1048576K
}
Event: 134.412 GC heap before
{Heap before GC invocations=24 (full 1):
 garbage-first heap   total 58368K, used 42718K [0x0000000081800000, 0x0000000100000000)
  region size 1024K, 18 young (18432K), 0 survivors (0K)
 Metaspace       used 45889K, capacity 47345K, committed 47408K, reserved 1089536K
  class space    used 5927K, capacity 6498K, committed 6528K, reserved 1048576K
}
Event: 134.416 GC heap after
{Heap after GC invocations=25 (full 1):
 garbage-first heap   total 58368K, used 25957K [0x0000000081800000, 0x0000000100000000)
  region size 1024K, 2 young (2048K), 2 survivors (2048K)
 Metaspace       used 45889K, capacity 47345K, committed 47408K, reserved 1089536K
  class space    used 5927K, capacity 6498K, committed 6528K, reserved 1048576K
}
Event: 135.025 GC heap before
{Heap before GC invocations=25 (full 1):
 garbage-first heap   total 58368K, used 43365K [0x0000000081800000, 0x0000000100000000)
  region size 1024K, 19 young (19456K), 2 survivors (2048K)
 Metaspace       used 45994K, capacity 47486K, committed 47664K, reserved 1091584K
  class space    used 5928K, capacity 6500K, committed 6528K, reserved 1048576K
}
Event: 135.028 GC heap after
{Heap after GC invocations=26 (full 1):
 garbage-first heap   total 58368K, used 26410K [0x0000000081800000, 0x0000000100000000)
  region size 1024K, 3 young (3072K), 3 survivors (3072K)
 Metaspace       used 45994K, capacity 47486K, committed 47664K, reserved 1091584K
  class space    used 5928K, capacity 6500K, committed 6528K, reserved 1048576K
}
Event: 135.287 GC heap before
{Heap before GC invocations=26 (full 1):
 garbage-first heap   total 58368K, used 42794K [0x0000000081800000, 0x0000000100000000)
  region size 1024K, 20 young (20480K), 3 survivors (3072K)
 Metaspace       used 46071K, capacity 47564K, committed 47664K, reserved 1091584K
  class space    used 5929K, capacity 6500K, committed 6528K, reserved 1048576K
}
Event: 135.290 GC heap after
{Heap after GC invocations=27 (full 1):
 garbage-first heap   total 58368K, used 27120K [0x0000000081800000, 0x0000000100000000)
  region size 1024K, 2 young (2048K), 2 survivors (2048K)
 Metaspace       used 46071K, capacity 47564K, committed 47664K, reserved 1091584K
  class space    used 5929K, capacity 6500K, committed 6528K, reserved 1048576K
}

Deoptimization events (10 events):
Event: 133.457 Thread 0x000002ba38a5d800 Uncommon trap: reason=profile_predicate action=maybe_recompile pc=0x000002ba26e6bdc8 method=org.springframework.boot.context.properties.source.ConfigurationPropertyName$Elements.canShortcutWithSource(Lorg/springframework/boot/context/properties/source/Con
Event: 133.457 Thread 0x000002ba38a5d800 Uncommon trap: reason=profile_predicate action=maybe_recompile pc=0x000002ba26e6bdc8 method=org.springframework.boot.context.properties.source.ConfigurationPropertyName$Elements.canShortcutWithSource(Lorg/springframework/boot/context/properties/source/Con
Event: 133.593 Thread 0x000002ba38a5d800 Uncommon trap: reason=unstable_if action=reinterpret pc=0x000002ba26f51f3c method=org.springframework.beans.factory.support.AbstractBeanFactory.isTypeMatch(Ljava/lang/String;Lorg/springframework/core/ResolvableType;Z)Z @ 476 c2
Event: 134.154 Thread 0x000002ba38a5d800 Uncommon trap: reason=unstable_if action=reinterpret pc=0x000002ba26dce290 method=org.springframework.boot.autoconfigure.AutoConfigurationSorter$AutoConfigurationClass.getBefore()Ljava/util/Set; @ 4 c2
Event: 135.150 Thread 0x000002ba38a5d800 Uncommon trap: reason=null_check action=make_not_entrant pc=0x000002ba26f047e0 method=java.lang.Class.getMethodsRecursive(Ljava/lang/String;[Ljava/lang/Class;Z)Ljava/lang/PublicMethods$MethodList; @ 26 c2
Event: 135.193 Thread 0x000002ba38a5d800 Uncommon trap: reason=profile_predicate action=maybe_recompile pc=0x000002ba26fb8d08 method=org.springframework.boot.context.properties.source.SpringIterableConfigurationPropertySource$Mappings.updateMappings([Ljava/lang/String;)V @ 97 c2
Event: 135.196 Thread 0x000002ba38a5d800 Uncommon trap: reason=profile_predicate action=maybe_recompile pc=0x000002ba26fb8d08 method=org.springframework.boot.context.properties.source.SpringIterableConfigurationPropertySource$Mappings.updateMappings([Ljava/lang/String;)V @ 97 c2
Event: 135.196 Thread 0x000002ba38a5d800 Uncommon trap: reason=profile_predicate action=maybe_recompile pc=0x000002ba26fb8d08 method=org.springframework.boot.context.properties.source.SpringIterableConfigurationPropertySource$Mappings.updateMappings([Ljava/lang/String;)V @ 97 c2
Event: 135.197 Thread 0x000002ba38a5d800 Uncommon trap: reason=profile_predicate action=maybe_recompile pc=0x000002ba26fb8d08 method=org.springframework.boot.context.properties.source.SpringIterableConfigurationPropertySource$Mappings.updateMappings([Ljava/lang/String;)V @ 97 c2
Event: 135.198 Thread 0x000002ba38a5d800 Uncommon trap: reason=bimorphic_or_optimized_type_check action=maybe_recompile pc=0x000002ba26e58428 method=java.util.Collections$SetFromMap.contains(Ljava/lang/Object;)Z @ 5 c2

Classes redefined (0 events):
No events

Internal exceptions (10 events):
Event: 108.665 Thread 0x000002ba38a65000 Exception <a 'java/net/SocketTimeoutException'{0x0000000085be3e88}: Read timed out> (0x0000000085be3e88) thrown at [t:/workspace/open/src/hotspot/share/prims/jni.cpp, line 636]
Event: 108.682 Thread 0x000002ba38a64000 Exception <a 'java/net/SocketTimeoutException'{0x0000000085bad628}: Read timed out> (0x0000000085bad628) thrown at [t:/workspace/open/src/hotspot/share/prims/jni.cpp, line 636]
Event: 126.976 Thread 0x000002ba3823d800 Exception <a 'java/net/SocketTimeoutException'{0x0000000085b40490}: Read timed out> (0x0000000085b40490) thrown at [t:/workspace/open/src/hotspot/share/prims/jni.cpp, line 636]
Event: 128.515 Thread 0x000002ba38586800 Exception <a 'java/lang/InterruptedException'{0x00000000859684b0}: sleep interrupted> (0x00000000859684b0) thrown at [t:/workspace/open/src/hotspot/share/prims/jvm.cpp, line 2998]
Event: 131.540 Thread 0x000002ba38a62000 Exception <a 'java/net/SocketTimeoutException'{0x00000000859db100}: Read timed out> (0x00000000859db100) thrown at [t:/workspace/open/src/hotspot/share/prims/jni.cpp, line 636]
Event: 131.561 Thread 0x000002ba38a62000 Exception <a 'java/lang/NoSuchMethodError'{0x00000000858872d0}: java.lang.invoke.DirectMethodHandle$Holder.invokeInterface(Ljava/lang/Object;Ljava/lang/Object;)V> (0x00000000858872d0) thrown at [t:/workspace/open/src/hotspot/share/interpreter/linkResolver
Event: 131.713 Thread 0x000002ba38a5d800 Exception <a 'java/io/FileNotFoundException'{0x0000000085b75ae8}> (0x0000000085b75ae8) thrown at [t:/workspace/open/src/hotspot/share/prims/jni.cpp, line 615]
Event: 135.112 Thread 0x000002ba38a5d800 Exception <a 'java/lang/NoClassDefFoundError'{0x0000000085bd73a8}: org/flywaydb/core/Flyway> (0x0000000085bd73a8) thrown at [t:/workspace/open/src/hotspot/share/oops/constantPool.cpp, line 773]
Event: 135.112 Thread 0x000002ba38a5d800 Exception <a 'java/lang/NoClassDefFoundError'{0x0000000085bd76d0}: liquibase/integration/spring/SpringLiquibase> (0x0000000085bd76d0) thrown at [t:/workspace/open/src/hotspot/share/oops/constantPool.cpp, line 773]
Event: 135.150 Thread 0x000002ba38a5d800 Implicit null exception at 0x000002ba26f02a89 to 0x000002ba26f047d3

Events (10 events):
Event: 135.296 Executing VM operation: RevokeBias
Event: 135.296 Executing VM operation: RevokeBias done
Event: 135.296 Executing VM operation: RevokeBias
Event: 135.296 Executing VM operation: RevokeBias done
Event: 135.300 Thread 0x000002ba38a5d800 DEOPT PACKING pc=0x000002ba1ff80569 sp=0x000000c3e0dfdf50
Event: 135.300 Thread 0x000002ba38a5d800 DEOPT UNPACKING pc=0x000002ba1f2199ce sp=0x000000c3e0dfd3c8 mode 0
Event: 135.301 Thread 0x000002ba38a5d800 DEOPT PACKING pc=0x000002ba1ff806b1 sp=0x000000c3e0dfdf50
Event: 135.301 Thread 0x000002ba38a5d800 DEOPT UNPACKING pc=0x000002ba1f2199ce sp=0x000000c3e0dfd3c8 mode 0
Event: 135.301 Thread 0x000002ba38a5d800 DEOPT PACKING pc=0x000002ba1ff80678 sp=0x000000c3e0dfdf50
Event: 135.301 Thread 0x000002ba38a5d800 DEOPT UNPACKING pc=0x000002ba1f2199ce sp=0x000000c3e0dfd3c8 mode 0


Dynamic libraries:
0x00007ff793280000 - 0x00007ff79328f000 	C:\Program Files\Java\jdk-12.0.2\bin\java.exe
0x00007ff821860000 - 0x00007ff821a50000 	C:\WINDOWS\SYSTEM32\ntdll.dll
0x00007ff821760000 - 0x00007ff821812000 	C:\WINDOWS\System32\KERNEL32.DLL
0x00007ff81f740000 - 0x00007ff81f9e5000 	C:\WINDOWS\System32\KERNELBASE.dll
0x00007ff81ec90000 - 0x00007ff81ed8a000 	C:\WINDOWS\System32\ucrtbase.dll
0x00007ff8047a0000 - 0x00007ff8047b6000 	C:\Program Files\Java\jdk-12.0.2\bin\VCRUNTIME140.dll
0x00007ffffdbf0000 - 0x00007ffffdc08000 	C:\Program Files\Java\jdk-12.0.2\bin\jli.dll
0x00007ff820740000 - 0x00007ff8207e3000 	C:\WINDOWS\System32\ADVAPI32.dll
0x00007ff81fa70000 - 0x00007ff81fb0e000 	C:\WINDOWS\System32\msvcrt.dll
0x00007ff820280000 - 0x00007ff820317000 	C:\WINDOWS\System32\sechost.dll
0x00007ff81fbc0000 - 0x00007ff81fcdf000 	C:\WINDOWS\System32\RPCRT4.dll
0x00007ff820820000 - 0x00007ff8209b4000 	C:\WINDOWS\System32\USER32.dll
0x00007ff81e8b0000 - 0x00007ff81e8d1000 	C:\WINDOWS\System32\win32u.dll
0x00007ff820250000 - 0x00007ff820276000 	C:\WINDOWS\System32\GDI32.dll
0x00007ff81e940000 - 0x00007ff81ead8000 	C:\WINDOWS\System32\gdi32full.dll
0x00007ff81f6a0000 - 0x00007ff81f73e000 	C:\WINDOWS\System32\msvcp_win.dll
0x00007ff805fb0000 - 0x00007ff806234000 	C:\WINDOWS\WinSxS\amd64_microsoft.windows.common-controls_6595b64144ccf1df_6.0.18362.1440_none_9e7dbfb9e45e8e67\COMCTL32.dll
0x00007ff820400000 - 0x00007ff820736000 	C:\WINDOWS\System32\combase.dll
0x00007ff81ede0000 - 0x00007ff81ee61000 	C:\WINDOWS\System32\bcryptPrimitives.dll
0x00007ff814ad0000 - 0x00007ff814ada000 	C:\WINDOWS\SYSTEM32\VERSION.dll
0x00007ff8207f0000 - 0x00007ff82081e000 	C:\WINDOWS\System32\IMM32.DLL
0x00007fffc95c0000 - 0x00007fffc966a000 	C:\Program Files\Java\jdk-12.0.2\bin\msvcp140.dll
0x00007fffb4f00000 - 0x00007fffb5a77000 	C:\Program Files\Java\jdk-12.0.2\bin\server\jvm.dll
0x00007ff8209c0000 - 0x00007ff8209c8000 	C:\WINDOWS\System32\PSAPI.DLL
0x00007ff812d70000 - 0x00007ff812d79000 	C:\WINDOWS\SYSTEM32\WSOCK32.dll
0x00007ff8209d0000 - 0x00007ff820a3f000 	C:\WINDOWS\System32\WS2_32.dll
0x00007ff81ae10000 - 0x00007ff81ae34000 	C:\WINDOWS\SYSTEM32\WINMM.dll
0x00007ff81ade0000 - 0x00007ff81ae0d000 	C:\WINDOWS\SYSTEM32\WINMMBASE.dll
0x00007ff81ed90000 - 0x00007ff81edda000 	C:\WINDOWS\System32\cfgmgr32.dll
0x00007ff81e800000 - 0x00007ff81e811000 	C:\WINDOWS\System32\kernel.appcore.dll
0x00007ff804710000 - 0x00007ff804721000 	C:\Program Files\Java\jdk-12.0.2\bin\verify.dll
0x00007ff80ed60000 - 0x00007ff80ef54000 	C:\WINDOWS\SYSTEM32\DBGHELP.DLL
0x00007ff80ec20000 - 0x00007ff80ec4a000 	C:\WINDOWS\SYSTEM32\dbgcore.DLL
0x00007ff804730000 - 0x00007ff804756000 	C:\Program Files\Java\jdk-12.0.2\bin\java.dll
0x00007fffc9a00000 - 0x00007fffc9a17000 	C:\Program Files\Java\jdk-12.0.2\bin\zip.dll
0x00007ff812d60000 - 0x00007ff812d6a000 	C:\Program Files\Java\jdk-12.0.2\bin\jimage.dll
0x00007ff820be0000 - 0x00007ff8212c8000 	C:\WINDOWS\System32\SHELL32.dll
0x00007ff81fb10000 - 0x00007ff81fbb7000 	C:\WINDOWS\System32\shcore.dll
0x00007ff81ee70000 - 0x00007ff81f5eb000 	C:\WINDOWS\System32\windows.storage.dll
0x00007ff81e820000 - 0x00007ff81e83e000 	C:\WINDOWS\System32\profapi.dll
0x00007ff81e860000 - 0x00007ff81e8aa000 	C:\WINDOWS\System32\powrprof.dll
0x00007ff81e7f0000 - 0x00007ff81e800000 	C:\WINDOWS\System32\UMPDC.dll
0x00007ff820140000 - 0x00007ff820192000 	C:\WINDOWS\System32\shlwapi.dll
0x00007ff81eae0000 - 0x00007ff81eaf7000 	C:\WINDOWS\System32\cryptsp.dll
0x00007fffc98c0000 - 0x00007fffc98d9000 	C:\Program Files\Java\jdk-12.0.2\bin\net.dll
0x00007ff817550000 - 0x00007ff81764a000 	C:\WINDOWS\SYSTEM32\WINHTTP.dll
0x00007ff813a30000 - 0x00007ff813c07000 	C:\WINDOWS\SYSTEM32\urlmon.dll
0x00007ff813cb0000 - 0x00007ff813f57000 	C:\WINDOWS\SYSTEM32\iertutil.dll
0x00007ff81e160000 - 0x00007ff81e16c000 	C:\WINDOWS\SYSTEM32\CRYPTBASE.DLL
0x00007ff81dfe0000 - 0x00007ff81e047000 	C:\WINDOWS\system32\mswsock.dll
0x00007fffc98a0000 - 0x00007fffc98b3000 	C:\Program Files\Java\jdk-12.0.2\bin\nio.dll
0x00007ff80c710000 - 0x00007ff80c719000 	C:\Program Files\Java\jdk-12.0.2\bin\management.dll
0x00007ff805170000 - 0x00007ff80517c000 	C:\Program Files\Java\jdk-12.0.2\bin\management_ext.dll
0x00007ff81dd00000 - 0x00007ff81dd3a000 	C:\WINDOWS\SYSTEM32\IPHLPAPI.DLL
0x00007ff820320000 - 0x00007ff820328000 	C:\WINDOWS\System32\NSI.dll
0x00007ff812470000 - 0x00007ff812486000 	C:\WINDOWS\SYSTEM32\dhcpcsvc6.DLL
0x00007ff812ae0000 - 0x00007ff812afc000 	C:\WINDOWS\SYSTEM32\dhcpcsvc.DLL
0x00007ff81dd40000 - 0x00007ff81de0b000 	C:\WINDOWS\SYSTEM32\DNSAPI.dll
0x00007ff812110000 - 0x00007ff81211a000 	C:\Windows\System32\rasadhlp.dll
0x00007ff812870000 - 0x00007ff8128e7000 	C:\WINDOWS\System32\fwpuclnt.dll
0x00007ff81ec60000 - 0x00007ff81ec86000 	C:\WINDOWS\System32\bcrypt.dll
0x00007ff80be80000 - 0x00007ff80be96000 	C:\WINDOWS\system32\napinsp.dll
0x00007ff80b0a0000 - 0x00007ff80b0ba000 	C:\WINDOWS\system32\pnrpnsp.dll
0x00007ff80b090000 - 0x00007ff80b09e000 	C:\WINDOWS\System32\winrnr.dll
0x00007ff81a9d0000 - 0x00007ff81a9ec000 	C:\WINDOWS\system32\NLAapi.dll
0x00007ff819db0000 - 0x00007ff819dc5000 	C:\WINDOWS\system32\wshbth.dll
0x00007ff81db70000 - 0x00007ff81dba3000 	C:\WINDOWS\system32\rsaenh.dll
0x00007ff81e710000 - 0x00007ff81e735000 	C:\WINDOWS\SYSTEM32\USERENV.dll
0x00007ffff0760000 - 0x00007ffff0787000 	C:\Program Files\Java\jdk-12.0.2\bin\sunec.dll

dbghelp: loaded successfully - version: 4.0.5 - missing functions: none
symbol engine: initialized successfully - sym options: 0x614 - pdb path: .;C:\Program Files\Java\jdk-12.0.2\bin;C:\WINDOWS\SYSTEM32;C:\WINDOWS\WinSxS\amd64_microsoft.windows.common-controls_6595b64144ccf1df_6.0.18362.1440_none_9e7dbfb9e45e8e67;C:\Program Files\Java\jdk-12.0.2\bin\server

VM Arguments:
java_command: com.example.servicesconfig.ServicesConfigApplication
java_class_path (initial): C:\Users\user\Documents\JavaProjects\spring-boot-ecommerce-microservice\services-config\target\classes;C:\Users\user\.m2\repository\org\springframework\cloud\spring-cloud-config-server\3.0.4\spring-cloud-config-server-3.0.4.jar;C:\Users\user\.m2\repository\org\springframework\cloud\spring-cloud-config-client\3.0.4\spring-cloud-config-client-3.0.4.jar;C:\Users\user\.m2\repository\org\springframework\cloud\spring-cloud-commons\3.0.3\spring-cloud-commons-3.0.3.jar;C:\Users\user\.m2\repository\org\springframework\cloud\spring-cloud-context\3.0.3\spring-cloud-context-3.0.3.jar;C:\Users\user\.m2\repository\org\springframework\spring-web\5.3.8\spring-web-5.3.8.jar;C:\Users\user\.m2\repository\org\springframework\spring-beans\5.3.8\spring-beans-5.3.8.jar;C:\Users\user\.m2\repository\com\fasterxml\jackson\core\jackson-annotations\2.12.3\jackson-annotations-2.12.3.jar;C:\Users\user\.m2\repository\com\fasterxml\jackson\core\jackson-databind\2.12.3\jackson-databind-2.12.3.jar;C:\Users\user\.m2\repository\org\apache\httpcomponents\httpclient\4.5.13\httpclient-4.5.13.jar;C:\Users\user\.m2\repository\commons-codec\commons-codec\1.15\commons-codec-1.15.jar;C:\Users\user\.m2\repository\org\springframework\boot\spring-boot-starter-web\2.5.1\spring-boot-starter-web-2.5.1.jar;C:\Users\user\.m2\repository\org\springframework\boot\spring-boot-starter-json\2.5.1\spring-boot-starter-json-2.5.1.jar;C:\Users\user\.m2\repository\com\fasterxml\jackson\datatype\jackson-datatype-jdk8\2.12.3\jackson-datatype-jdk8-2.12.3.jar;C:\Users\user\.m2\repository\com\fasterxml\jackson\datatype\jackson-datatype-jsr310\2.12.3\jackson-datatype-jsr310-2.12.3.jar;C:\Users\user\.m2\repository\com\fasterxml\jackson\module\jackson-module-parameter-names\2.12.3\jackson-module-parameter-names-2.12.3.jar;C:\Users\user\.m2\repository\org\springframework\boot\spring-boot-starter-tomcat\2.5.1\spring-boot-starter-tomcat-2.5.1.jar;C:\Users\user\.m2\repository\org\apache\tomcat\embed\tomcat-embe
Launcher Type: SUN_STANDARD

[Global flags]
     intx CICompilerCount                          = 3                                         {product} {ergonomic}
     uint ConcGCThreads                            = 1                                         {product} {ergonomic}
     uint G1ConcRefinementThreads                  = 4                                         {product} {ergonomic}
   size_t G1HeapRegionSize                         = 1048576                                   {product} {ergonomic}
    uintx GCDrainStackTargetSize                   = 64                                        {product} {ergonomic}
   size_t InitialHeapSize                          = 134217728                                 {product} {ergonomic}
   size_t MarkStackSize                            = 4194304                                   {product} {ergonomic}
   size_t MaxHeapSize                              = 2122317824                                {product} {ergonomic}
   size_t MaxNewSize                               = 1272971264                                {product} {ergonomic}
   size_t MinHeapDeltaBytes                        = 1048576                                   {product} {ergonomic}
    uintx NonNMethodCodeHeapSize                   = 5830732                                {pd product} {ergonomic}
    uintx NonProfiledCodeHeapSize                  = 122913754                              {pd product} {ergonomic}
    uintx ProfiledCodeHeapSize                     = 122913754                              {pd product} {ergonomic}
    uintx ReservedCodeCacheSize                    = 251658240                              {pd product} {ergonomic}
     bool SegmentedCodeCache                       = true                                      {product} {ergonomic}
     bool UseCompressedClassPointers               = true                                 {lp64_product} {ergonomic}
     bool UseCompressedOops                        = true                                 {lp64_product} {ergonomic}
     bool UseG1GC                                  = true                                      {product} {ergonomic}
     bool UseLargePagesIndividualAllocation        = false                                  {pd product} {ergonomic}

Logging:
Log output configuration:
 #0: stdout all=warning uptime,level,tags
 #1: stderr all=off uptime,level,tags

Environment Variables:
JAVA_HOME=C:\Program Files\Java\jdk-12.0.2
PATH=C:\Program Files (x86)\Common Files\Oracle\Java\javapath;C:\ProgramData\Oracle\Java\javapath;C:\WINDOWS\system32;C:\WINDOWS;C:\WINDOWS\System32\Wbem;C:\WINDOWS\System32\WindowsPowerShell\v1.0\;C:\xampp\php;C:\ProgramData\ComposerSetup\bin;C:\Program Files\Git\cmd;C:\Gradle\bin;C:\FPC\3.0.4\bin\i386-Win32;C:\flutter\flutter\bin;C:\Users\user\AppData\Local\Android\Sdk\platform-tools;C:\Users\user\AppData\Local\Android\Sdk\emulator;C:\Users\user\AppData\Local\Android\Sdk\tools\bin;C:\WINDOWS\System32\OpenSSH\;C:\Program Files\CMake\bin;C:\Program Files\Java\jdk1.8.0_231\bin;C:\Program Files\nodejs\;C:\Program Files\PuTTY\;;C:\Program Files\Docker\Docker\resources\bin;C:\ProgramData\DockerDesktop\version-bin;C:\Users\user\AppData\Local\Programs\Python\Python38\Scripts\;C:\Users\user\AppData\Local\Programs\Python\Python38\;C:\Users\user\AppData\Roaming\Composer\vendor\bin;C:\FPC\3.0.4\bin;C:\Program Files\Geth;C:\flutter\flutter\bin;C:\flutter\flutter\bin\cache\dart-sdk\bin;C:\Users\user\AppData\Local\Microsoft\WindowsApps;C:\Program Files\Java\jre1.8.0_241\bin;C:\Program Files\heroku\bin;C:\Program Files\JetBrains\PyCharm Community Edition 2019.3.2\bin;;C:\Users\user\AppData\Roaming\npm
USERNAME=user
OS=Windows_NT
PROCESSOR_IDENTIFIER=Intel64 Family 6 Model 69 Stepping 1, GenuineIntel



---------------  S Y S T E M  ---------------

OS: Windows 10 , 64 bit Build 18362 (10.0.18362.1350)

CPU:total 4 (initial active 4) (2 cores per cpu, 2 threads per core) family 6 model 69 stepping 1, cmov, cx8, fxsr, mmx, sse, sse2, sse3, ssse3, sse4.1, sse4.2, popcnt, avx, avx2, aes, clmul, erms, lzcnt, ht, tsc, tscinvbit, bmi1, bmi2, fma

Memory: 4k page, system-wide physical 8089M (630M free)
TotalPageFile size 12550M (AvailPageFile size 9M)
current process WorkingSet (physical memory assigned to process): 227M, peak: 227M
current process commit charge ("private bytes"): 252M, peak: 266M

vm_info: Java HotSpot(TM) 64-Bit Server VM (12.0.2+10) for windows-amd64 JRE (12.0.2+10), built on Jul 16 2019 01:56:17 by "mach5one" with MS VC++ 15.5 (VS2017)

END.
